2023-06-05 15:52:27,959 : INFO : Start of Single Prediction from Model...
2023-06-05 15:52:27,960 : INFO : run_id:2023-06-05_155227_631539162
2023-06-05 15:52:27,960 : INFO : Start of Preprocessing Predict Dataset...
2023-06-05 15:52:27,960 : INFO : Start of Feature Encoding...
2023-06-05 15:52:27,971 : INFO : End of Feature Encoding!!!
2023-06-05 15:52:27,972 : INFO : Start of Dropping the Irrelevant Columns...
2023-06-05 15:52:27,974 : INFO : End of Dropping the Irrelevant Columns!!!
2023-06-05 15:52:27,974 : INFO : Start of finding the missing values...
2023-06-05 15:52:27,975 : INFO : End of finding the missing values!!!
2023-06-05 15:52:27,975 : INFO : Start of Building Final Predict Set...
2023-06-05 15:52:27,984 : INFO : End of Building Final Predict Set!!!
2023-06-05 15:52:27,984 : INFO : End of Preprocessing Predict Dataset!!!
2023-06-05 15:52:27,984 : INFO : Start of Load Model...
2023-06-05 15:52:27,984 : INFO : Model File KMeansloaded
2023-06-05 15:52:27,985 : INFO : End of Load Model!!!
2023-06-05 15:52:27,989 : INFO : Clusters Loop Started...
2023-06-05 15:52:27,991 : INFO : Start of finding correct model...
2023-06-05 15:52:27,991 : INFO : End of finding correct model!!!
2023-06-05 15:52:27,991 : INFO : Start of Load Model...
2023-06-05 15:52:27,991 : INFO : Model File XGBoost1loaded
2023-06-05 15:52:27,991 : INFO : End of Load Model!!!
2023-06-05 15:52:27,999 : INFO : Shape of Data:(1, 9)
2023-06-05 15:52:28,002 : INFO : Info of Data:None
2023-06-05 15:52:28,004 : INFO : Output:[0]
2023-06-05 15:52:28,004 : INFO : End of Single Prediction from Model!!!
