2023-06-05 15:50:50,996 : INFO : Start of Batch Prediction from Model...
2023-06-05 15:50:50,996 : INFO : run_id:2023-06-05_155050_595231577
2023-06-05 15:50:50,996 : INFO : Start of Predict Data Load, Validation, and Transformation...
2023-06-05 15:50:50,996 : INFO : Start of Archiving Old Rejected Files...
2023-06-05 15:50:50,996 : INFO : End of Archiving Old Rejected Files!!!
2023-06-05 15:50:50,996 : INFO : Start of Archiving Old Validated Files...
2023-06-05 15:50:50,996 : INFO : End of Archiving Old Validated Files!!!
2023-06-05 15:50:50,996 : INFO : Start of Archiving Old Processed Files...
2023-06-05 15:50:50,997 : INFO : End of Archiving Old Processed Files!!!
2023-06-05 15:50:50,997 : INFO : Start of Archiving Old Result Files...
2023-06-05 15:50:50,997 : INFO : End of Archiving Old Result Files!!!
2023-06-05 15:50:50,997 : INFO : Start of Reading values from Schema...
2023-06-05 15:50:50,998 : INFO : End of Reading values from Schema!!!
2023-06-05 15:50:50,998 : INFO : Start of Validating Column Length...
2023-06-05 15:50:50,999 : INFO : End of Validating Column Length!!!
2023-06-05 15:50:50,999 : INFO : Start of Validating Missing Values...
2023-06-05 15:50:50,999 : INFO : End of Validating Missing Values!!!
2023-06-05 15:50:50,999 : INFO : Start of Replacing Missing Values with NULL...
2023-06-05 15:50:50,999 : INFO : End of Replacing Missing Values with NULL!!!
2023-06-05 15:50:51,000 : INFO : Start of Creating Table...
2023-06-05 15:50:51,001 : INFO : Opened prediction database successfully!!!
2023-06-05 15:50:51,005 : INFO : CREATE TABLE prediction_raw_data_t column_name
2023-06-05 15:50:51,007 : INFO : ALTER TABLE prediction_raw_data_t ADD COLUMN
2023-06-05 15:50:51,009 : INFO : ALTER TABLE prediction_raw_data_t ADD COLUMN
2023-06-05 15:50:51,011 : INFO : ALTER TABLE prediction_raw_data_t ADD COLUMN
2023-06-05 15:50:51,012 : INFO : ALTER TABLE prediction_raw_data_t ADD COLUMN
2023-06-05 15:50:51,014 : INFO : ALTER TABLE prediction_raw_data_t ADD COLUMN
2023-06-05 15:50:51,015 : INFO : ALTER TABLE prediction_raw_data_t ADD COLUMN
2023-06-05 15:50:51,016 : INFO : ALTER TABLE prediction_raw_data_t ADD COLUMN
2023-06-05 15:50:51,017 : INFO : ALTER TABLE prediction_raw_data_t ADD COLUMN
2023-06-05 15:50:51,017 : INFO : End of Creating Table!!!
2023-06-05 15:50:51,018 : INFO : Opened prediction database successfully!!!
2023-06-05 15:50:51,018 : INFO : Start of Inserting Data into Table...
2023-06-05 15:50:51,018 : INFO : End of Inserting Data into Table!!!
2023-06-05 15:50:51,018 : INFO : Start of Exporting Data into CSV...
2023-06-05 15:50:51,018 : INFO : Opened prediction database successfully!!!
2023-06-05 15:50:51,018 : INFO : End of Exporting Data into CSV!!!
2023-06-05 15:50:51,019 : INFO : Start of Moving Processed Files...
2023-06-05 15:50:51,019 : INFO : End of Moving Processed Files!!!
2023-06-05 15:50:51,019 : INFO : End of Predict Data Load, Validation, and Transformation!!!
2023-06-05 15:50:51,019 : INFO : Start of Preprocessing Predicting Dataset...
2023-06-05 15:50:51,019 : INFO : Start of reading dataset...
2023-06-05 15:50:51,022 : INFO : End of reading dataset!!!
2023-06-05 15:50:51,022 : INFO : Start of Feature Encoding...
2023-06-05 15:50:51,034 : INFO : End of Feature Encoding!!!
2023-06-05 15:50:51,034 : INFO : Start of Dropping the Irrelevant Columns...
2023-06-05 15:50:51,035 : INFO : End of Dropping the Irrelevant Columns!!!
2023-06-05 15:50:51,035 : INFO : Start of finding the missing values...
2023-06-05 15:50:51,035 : INFO : End of finding the missing values!!!
2023-06-05 15:50:51,035 : INFO : Start of Building Final Predict Set...
2023-06-05 15:50:51,039 : INFO : End of Building Final Predict Set!!!
2023-06-05 15:50:51,039 : INFO : End of Preprocessing Predicting Dataset!!!
2023-06-05 15:50:51,039 : INFO : Start of Load Model...
2023-06-05 15:50:51,039 : INFO : Model File KMeansloaded
2023-06-05 15:50:51,039 : INFO : End of Load Model!!!
