2023-06-05 15:48:01,486 : INFO : Start of Training the Model...
2023-06-05 15:48:01,487 : INFO : Run_id:2023-06-05_154801_355258972
2023-06-05 15:48:01,487 : INFO : Start of Train Data Load, Validation, and Transformation...
2023-06-05 15:48:01,487 : INFO : Start of Archiving Old Rejected Files...
2023-06-05 15:48:01,487 : INFO : End of Archiving Old Rejected Files!!!
2023-06-05 15:48:01,487 : INFO : Start of Archiving Old Validated Files...
2023-06-05 15:48:01,488 : INFO : End of Archiving Old Validated Files!!!
2023-06-05 15:48:01,488 : INFO : Start of Archiving Old Processed Files...
2023-06-05 15:48:01,488 : INFO : End of Archiving Old Processed Files!!!
2023-06-05 15:48:01,488 : INFO : Start of Archiving Old Result Files...
2023-06-05 15:48:01,488 : INFO : End of Archiving Old Result Files!!!
2023-06-05 15:48:01,488 : INFO : Start of Reading values from Schema...
2023-06-05 15:48:01,490 : INFO : End of Reading values from Schema!!!
2023-06-05 15:48:01,490 : INFO : Start of Validating Column Length...
2023-06-05 15:48:01,517 : INFO : End of Validating Column Length!!!
2023-06-05 15:48:01,517 : INFO : Start of Validating Missing Values...
2023-06-05 15:48:01,532 : INFO : End of Validating Missing Values!!!
2023-06-05 15:48:01,532 : INFO : Start of Replacing Missing Values with NULL...
2023-06-05 15:48:01,657 : INFO : hr_employee_churn_data.csv: File Transformed Successfully!!!
2023-06-05 15:48:01,658 : INFO : End of Replacing Missing Values with NULL!!!
2023-06-05 15:48:01,658 : INFO : Start of Creating Table...
2023-06-05 15:48:01,658 : INFO : Opened training database successfully!!!
2023-06-05 15:48:01,659 : INFO : Table created successfully!!!
2023-06-05 15:48:01,659 : INFO : Closed training database successfully
2023-06-05 15:48:01,659 : INFO : End of Creating Table!!!
2023-06-05 15:48:01,659 : INFO : Opened training database successfully!!!
2023-06-05 15:48:01,659 : INFO : Start of Inserting Data into Table...
2023-06-05 15:48:05,392 : INFO : End of Inserting Data into Table!!!
2023-06-05 15:48:05,392 : INFO : Start of Exporting Data into CSV...
2023-06-05 15:48:05,392 : INFO : Opened training database successfully!!!
2023-06-05 15:48:05,450 : INFO : End of Exporting Data into CSV!!!
2023-06-05 15:48:05,451 : INFO : Start of Moving Processed Files...
2023-06-05 15:48:05,451 : INFO : Moved the already processed file hr_employee_churn_data.csv
2023-06-05 15:48:05,451 : INFO : End of Moving Processed Files!!!
2023-06-05 15:48:05,451 : INFO : End of Train Data Load, Validation, and Transformation!!!
2023-06-05 15:48:05,451 : INFO : Start of Preprocessing Training Dataset...
2023-06-05 15:48:05,451 : INFO : Start of reading dataset...
2023-06-05 15:48:05,459 : INFO : End of reading dataset!!!
2023-06-05 15:48:05,459 : INFO : Start of Dropping the Irrelevant Columns...
2023-06-05 15:48:05,462 : INFO : End of Dropping the Irrelevant Columns!!!
2023-06-05 15:48:05,463 : INFO : Start of Feature Encoding...
2023-06-05 15:48:05,468 : INFO : End of Feature Encoding!!!
2023-06-05 15:48:05,468 : INFO : Start of Dropping the Irrelevant Columns...
2023-06-05 15:48:05,469 : INFO : End of Dropping the Irrelevant Columns!!!
2023-06-05 15:48:05,469 : INFO : Start of finding the missing values...
2023-06-05 15:48:05,472 : INFO : End of finding the missing values!!!
2023-06-05 15:48:05,472 : INFO : Start of Imputing Missing values...
2023-06-05 15:48:05,481 : INFO : End of Imputing Missing values!!!
2023-06-05 15:48:05,482 : INFO : Start of Splitting features and label...
2023-06-05 15:48:05,482 : INFO : End of Splitting features and label!!!
2023-06-05 15:48:05,482 : INFO : End of Preprocessing Training Dataset!!!
2023-06-05 15:48:05,483 : INFO : Start of Elbow Plotting...
2023-06-05 15:48:06,721 : INFO : The optimum number of clusters is:3
2023-06-05 15:48:06,721 : INFO : End of Elbow Plotting!!!
2023-06-05 15:48:06,721 : INFO : Start of Creating Clusters...
2023-06-05 15:48:06,805 : INFO : Start of Save Models...
2023-06-05 15:48:06,805 : INFO : Start of Save Models...
2023-06-05 15:48:06,807 : INFO : Model File: KMeanssaved
2023-06-05 15:48:06,807 : INFO : Model File: KMeanssaved
2023-06-05 15:48:06,807 : INFO : End of Save Models!!!
2023-06-05 15:48:06,807 : INFO : End of Save Models!!!
2023-06-05 15:48:06,807 : INFO : Successfully created 3 clusters.
2023-06-05 15:48:06,807 : INFO : End of Creating Clusters!!!
2023-06-05 15:48:06,812 : INFO : Start of finding the Best Model...
2023-06-05 15:48:06,812 : INFO : Start of finding the Best Parameters for XGBoost Classifier...
2023-06-05 15:48:41,937 : INFO : Random Forest Best Parameters:{'learning_rate': 0.1, 'max_depth': 20, 'n_estimators': 200}
2023-06-05 15:48:41,937 : INFO : End of finding the Best Parameters for XGBoost Classifier!!!
2023-06-05 15:48:41,946 : INFO : AUC of XGBoost:0.9839181286549707
2023-06-05 15:48:41,946 : INFO : Start of finding the Best Parameters for Random Forest Classifier...
2023-06-05 15:48:57,121 : INFO : Random Forest Best Parameters:{'criterion': 'gini', 'max_depth': 3, 'max_features': 'auto', 'n_estimators': 150}
2023-06-05 15:48:57,121 : INFO : End of finding the Best Parameters for Random Forest Classifier!!!
2023-06-05 15:48:57,133 : INFO : AUC of Random Forest:0.9609544970605934
2023-06-05 15:48:57,133 : INFO : End of finding the Best Model!!!
2023-06-05 15:48:57,133 : INFO : Start of Save Models...
2023-06-05 15:48:57,133 : INFO : Start of Save Models...
2023-06-05 15:48:57,135 : INFO : Model File: XGBoost1saved
2023-06-05 15:48:57,135 : INFO : Model File: XGBoost1saved
2023-06-05 15:48:57,135 : INFO : End of Save Models!!!
2023-06-05 15:48:57,135 : INFO : End of Save Models!!!
2023-06-05 15:48:57,137 : INFO : Start of finding the Best Model...
2023-06-05 15:48:57,137 : INFO : Start of finding the Best Parameters for XGBoost Classifier...
2023-06-05 15:49:34,262 : INFO : Random Forest Best Parameters:{'learning_rate': 0.1, 'max_depth': 20, 'n_estimators': 200}
2023-06-05 15:49:34,262 : INFO : End of finding the Best Parameters for XGBoost Classifier!!!
2023-06-05 15:49:34,268 : INFO : AUC of XGBoost:0.986970760533552
2023-06-05 15:49:34,268 : INFO : Start of finding the Best Parameters for Random Forest Classifier...
2023-06-05 15:49:49,447 : INFO : Random Forest Best Parameters:{'criterion': 'gini', 'max_depth': 3, 'max_features': 'log2', 'n_estimators': 150}
2023-06-05 15:49:49,447 : INFO : End of finding the Best Parameters for Random Forest Classifier!!!
2023-06-05 15:49:49,459 : INFO : AUC of Random Forest:0.9596228074669947
2023-06-05 15:49:49,459 : INFO : End of finding the Best Model!!!
2023-06-05 15:49:49,459 : INFO : Start of Save Models...
2023-06-05 15:49:49,459 : INFO : Start of Save Models...
2023-06-05 15:49:49,461 : INFO : Model File: XGBoost2saved
2023-06-05 15:49:49,461 : INFO : Model File: XGBoost2saved
2023-06-05 15:49:49,461 : INFO : End of Save Models!!!
2023-06-05 15:49:49,461 : INFO : End of Save Models!!!
2023-06-05 15:49:49,463 : INFO : Start of finding the Best Model...
2023-06-05 15:49:49,463 : INFO : Start of finding the Best Parameters for XGBoost Classifier...
2023-06-05 15:50:19,439 : INFO : Random Forest Best Parameters:{'learning_rate': 0.5, 'max_depth': 5, 'n_estimators': 100}
2023-06-05 15:50:19,439 : INFO : End of finding the Best Parameters for XGBoost Classifier!!!
2023-06-05 15:50:19,443 : INFO : AUC of XGBoost:0.9716161616161616
2023-06-05 15:50:19,443 : INFO : Start of finding the Best Parameters for Random Forest Classifier...
2023-06-05 15:50:34,315 : INFO : Random Forest Best Parameters:{'criterion': 'entropy', 'max_depth': 3, 'max_features': 'auto', 'n_estimators': 150}
2023-06-05 15:50:34,315 : INFO : End of finding the Best Parameters for Random Forest Classifier!!!
2023-06-05 15:50:34,326 : INFO : AUC of Random Forest:0.8148148148148149
2023-06-05 15:50:34,326 : INFO : End of finding the Best Model!!!
2023-06-05 15:50:34,326 : INFO : Start of Save Models...
2023-06-05 15:50:34,326 : INFO : Start of Save Models...
2023-06-05 15:50:34,327 : INFO : Model File: XGBoost0saved
2023-06-05 15:50:34,327 : INFO : Model File: XGBoost0saved
2023-06-05 15:50:34,327 : INFO : End of Save Models!!!
2023-06-05 15:50:34,327 : INFO : End of Save Models!!!
2023-06-05 15:50:34,327 : INFO : End of Training the Model!!!
